<?xml version="1.0" encoding="UTF-8"?>
<!-- Generated by org.testng.reporters.JUnitReportReporter -->
<testsuite skipped="0" hostname="N-20L6PF15UWFS" name="selenium.selfstudy.com.DataBaseConnectivityTest" tests="2" failures="0" timestamp="17 Nov 2019 19:27:56 GMT" time="0.273" errors="0">
  <testcase name="verifyEmployeeDetailAddition" time="0.244" classname="selenium.selfstudy.com.DataBaseConnectivityTest"/>
  <testcase name="getEmployeeDateils" time="0.029" classname="selenium.selfstudy.com.DataBaseConnectivityTest"/>
</testsuite> <!-- selenium.selfstudy.com.DataBaseConnectivityTest -->
