<?xml version="1.0" encoding="UTF-8"?>
<!-- Generated by org.testng.reporters.JUnitReportReporter -->
<testsuite skipped="0" hostname="N-20L6PF15UWFS" name="selenium.selfstudy.com.DataProviderTest" tests="3" failures="0" timestamp="17 Nov 2019 19:27:56 GMT" time="26.816" errors="0">
  <testcase name="loginWithDiffrentCredentials" time="8.784" classname="selenium.selfstudy.com.DataProviderTest"/>
  <testcase name="loginWithDiffrentCredentials" time="8.739" classname="selenium.selfstudy.com.DataProviderTest"/>
  <testcase name="loginWithDiffrentCredentials" time="9.293" classname="selenium.selfstudy.com.DataProviderTest"/>
</testsuite> <!-- selenium.selfstudy.com.DataProviderTest -->
