<?xml version="1.0" encoding="UTF-8"?>
<!-- Generated by org.testng.reporters.JUnitReportReporter -->
<testsuite skipped="0" hostname="N-20L6PF15UWFS" name="selenium.selfstudy.com.App" tests="2" failures="0" timestamp="10 Nov 2019 12:46:40 GMT" time="13.986" errors="0">
  <testcase name="verifyLoginTest" time="9.227" classname="selenium.selfstudy.com.App"/>
  <testcase name="veridyAddNewTask" time="4.759" classname="selenium.selfstudy.com.App"/>
</testsuite> <!-- selenium.selfstudy.com.App -->
