<?xml version="1.0" encoding="UTF-8"?>
<!-- Generated by org.testng.reporters.JUnitReportReporter -->
<testsuite skipped="0" hostname="N-20L6PF15UWFS" name="selenium.selfstudy.com.DataTableReader" tests="1" failures="0" timestamp="16 Nov 2019 06:27:41 GMT" time="35.574" errors="0">
  <testcase name="readDataTableTest" time="35.574" classname="selenium.selfstudy.com.DataTableReader"/>
</testsuite> <!-- selenium.selfstudy.com.DataTableReader -->
