<?xml version="1.0" encoding="UTF-8"?>
<!-- Generated by org.testng.reporters.JUnitReportReporter -->
<testsuite skipped="0" hostname="N-20L6PF15UWFS" name="selenium.selfstudy.com.ResizeWindow" tests="1" failures="0" timestamp="19 Nov 2019 19:08:32 GMT" time="15.190" errors="0">
  <testcase name="verifyResizeBrowserWindowTest" time="15.190" classname="selenium.selfstudy.com.ResizeWindow"/>
</testsuite> <!-- selenium.selfstudy.com.ResizeWindow -->
