<?xml version="1.0" encoding="UTF-8"?>
<!-- Generated by org.testng.reporters.JUnitReportReporter -->
<testsuite skipped="0" hostname="N-20L6PF15UWFS" name="selenium.selfstudy.com.DiffrentDataForDiffrentMethodTest" tests="6" failures="0" timestamp="21 Nov 2019 10:23:45 GMT" time="38.643" errors="0">
  <testcase name="verifyDiffrentDataTest" time="6.024" classname="selenium.selfstudy.com.DiffrentDataForDiffrentMethodTest"/>
  <testcase name="verifyDiffrentDataTest" time="7.177" classname="selenium.selfstudy.com.DiffrentDataForDiffrentMethodTest"/>
  <testcase name="verifyDiffrentDataTest" time="6.162" classname="selenium.selfstudy.com.DiffrentDataForDiffrentMethodTest"/>
  <testcase name="verifySameDataTest" time="6.385" classname="selenium.selfstudy.com.DiffrentDataForDiffrentMethodTest"/>
  <testcase name="verifySameDataTest" time="6.233" classname="selenium.selfstudy.com.DiffrentDataForDiffrentMethodTest"/>
  <testcase name="verifySameDataTest" time="6.662" classname="selenium.selfstudy.com.DiffrentDataForDiffrentMethodTest"/>
</testsuite> <!-- selenium.selfstudy.com.DiffrentDataForDiffrentMethodTest -->
