<?xml version="1.0" encoding="UTF-8"?>
<!-- Generated by org.testng.reporters.JUnitReportReporter -->
<testsuite skipped="0" hostname="N-20L6PF15UWFS" name="selenium.selfstudy.com.MultiBrowserTesting" tests="2" failures="0" timestamp="17 Nov 2019 19:27:56 GMT" time="19.624" errors="0">
  <testcase name="runTestInMultipleBrowser" time="10.307" classname="selenium.selfstudy.com.MultiBrowserTesting"/>
  <testcase name="runTestInMultipleBrowser" time="9.317" classname="selenium.selfstudy.com.MultiBrowserTesting"/>
</testsuite> <!-- selenium.selfstudy.com.MultiBrowserTesting -->
