<?xml version="1.0" encoding="UTF-8"?>
<!-- Generated by org.testng.reporters.JUnitReportReporter -->
<testsuite skipped="0" hostname="N-20L6PF15UWFS" name="selenium.selfstudy.com.BrokenListTest" tests="1" failures="0" timestamp="16 Nov 2019 20:25:14 GMT" time="52.515" errors="0">
  <testcase name="veirfyBrokenLinkTest" time="52.515" classname="selenium.selfstudy.com.BrokenListTest"/>
</testsuite> <!-- selenium.selfstudy.com.BrokenListTest -->
