<?xml version="1.0" encoding="UTF-8"?>
<!-- Generated by org.testng.reporters.JUnitReportReporter -->
<testsuite skipped="0" hostname="N-20L6PF15UWFS" name="selenium.selfstudy.com.DataProviderTest" tests="3" failures="0" timestamp="17 Nov 2019 15:43:03 GMT" time="47.959" errors="0">
  <testcase name="loginWithDiffrentCredentials" time="31.153" classname="selenium.selfstudy.com.DataProviderTest"/>
  <testcase name="loginWithDiffrentCredentials" time="8.983" classname="selenium.selfstudy.com.DataProviderTest"/>
  <testcase name="loginWithDiffrentCredentials" time="7.823" classname="selenium.selfstudy.com.DataProviderTest"/>
</testsuite> <!-- selenium.selfstudy.com.DataProviderTest -->
