<?xml version="1.0" encoding="UTF-8"?>
<!-- Generated by org.testng.reporters.JUnitReportReporter -->
<testsuite skipped="0" hostname="N-20L6PF15UWFS" name="selenium.selfstudy.com.BrokenListTest" tests="1" failures="0" timestamp="14 Nov 2019 05:27:07 GMT" time="122.186" errors="0">
  <testcase name="veirfyBrokenLinkTest" time="122.186" classname="selenium.selfstudy.com.BrokenListTest"/>
</testsuite> <!-- selenium.selfstudy.com.BrokenListTest -->
