<?xml version="1.0" encoding="UTF-8"?>
<!-- Generated by org.testng.reporters.JUnitReportReporter -->
<testsuite skipped="0" hostname="N-20L6PF15UWFS" name="selenium.selfstudy.com.DataBaseConnectivityTest" tests="2" failures="0" timestamp="16 Nov 2019 20:23:05 GMT" time="0.227" errors="0">
  <testcase name="verifyEmployeeDetailAddition" time="0.207" classname="selenium.selfstudy.com.DataBaseConnectivityTest"/>
  <testcase name="getEmployeeDateils" time="0.020" classname="selenium.selfstudy.com.DataBaseConnectivityTest"/>
</testsuite> <!-- selenium.selfstudy.com.DataBaseConnectivityTest -->
