<?xml version="1.0" encoding="UTF-8"?>
<!-- Generated by org.testng.reporters.JUnitReportReporter -->
<testsuite skipped="0" hostname="N-20L6PF15UWFS" name="selenium.selfstudy.com.MultiBrowserTesting" tests="2" failures="0" timestamp="16 Nov 2019 20:23:05 GMT" time="31.997" errors="0">
  <testcase name="runTestInMultipleBrowser" time="17.770" classname="selenium.selfstudy.com.MultiBrowserTesting"/>
  <testcase name="runTestInMultipleBrowser" time="14.227" classname="selenium.selfstudy.com.MultiBrowserTesting"/>
</testsuite> <!-- selenium.selfstudy.com.MultiBrowserTesting -->
