<?xml version="1.0" encoding="UTF-8"?>
<!-- Generated by org.testng.reporters.JUnitReportReporter -->
<testsuite skipped="0" hostname="N-20L6PF15UWFS" name="selenium.selfstudy.com.BrokenListTest" tests="1" failures="0" timestamp="16 Nov 2019 20:23:05 GMT" time="49.718" errors="0">
  <testcase name="veirfyBrokenLinkTest" time="49.718" classname="selenium.selfstudy.com.BrokenListTest"/>
</testsuite> <!-- selenium.selfstudy.com.BrokenListTest -->
